<?xml version="1.0" encoding="UTF-8"?>
<testsuite xmlns:xsi="http://www.w3.org/2001/XMLSchema-instance" xsi:noNamespaceSchemaLocation="https://maven.apache.org/surefire/maven-surefire-plugin/xsd/surefire-test-report.xsd" version="3.0.2" name="com.example.chatapp.integration.ChatIntegrationTest" time="1.775" tests="2" errors="0" skipped="0" failures="0">
  <properties>
[...]
</properties>
  <testcase name="testCompleteChatFlow" classname="com.example.chatapp.integration.ChatIntegrationTest" time="0.388">
    <system-out><![CDATA[2026-09-03T12:58:14.873+05:30  INFO 21936 --- [realtime-chat-backend-test] [           main] t.c.s.AnnotationConfigContextLoaderUtils : Could not detect default configuration classes for test class [com.example.chatapp.integration.ChatIntegrationTest]: ChatIntegrationTest does not declare any static, non-private, non-final, nested classes annotated with @Configuration.
2026-09-03T12:58:14.886+05:30  INFO 21936 --- [realtime-chat-backend-test] [           main] .b.t.c.SpringBootTestContextBootstrapper : Found @SpringBootConfiguration com.example.chatapp.ChatApplication for test class com.example.chatapp.integration.ChatIntegrationTest
Hibernate: 
    select
        u1_0.id 
    from
        users u1_0 
    where
        u1_0.username=? 
    fetch
        first ? rows only
Hibernate: 
    select
        u1_0.id 
    from
        users u1_0 
    where
        u1_0.email=? 
    fetch
        first ? rows only
Hibernate: 
    insert 
    into
        users
        (created_at, email, last_seen, status, updated_at, username, id) 
    values
        (?, ?, ?, ?, ?, ?, default)
Hibernate: 
    select
        u1_0.id 
    from
        users u1_0 
    where
        u1_0.username=? 
    fetch
        first ? rows only
Hibernate: 
    select
        u1_0.id 
    from
        users u1_0 
    where
        u1_0.email=? 
    fetch
        first ? rows only
Hibernate: 
    insert 
    into
        users
        (created_at, email, last_seen, status, updated_at, username, id) 
    values
        (?, ?, ?, ?, ?, ?, default)
Hibernate: 
    select
        u1_0.id,
        u1_0.created_at,
        u1_0.email,
        u1_0.last_seen,
        u1_0.status,
        u1_0.updated_at,
        u1_0.username 
    from
        users u1_0 
    where
        u1_0.id=?
Hibernate: 
    insert 
    into
        chat_rooms
        (active, created_at, created_by_id, description, name, room_type, updated_at, id) 
    values
        (?, ?, ?, ?, ?, ?, ?, default)
Hibernate: 
    insert 
    into
        room_members
        (active, joined_at, role, room_id, user_id, id) 
    values
        (?, ?, ?, ?, ?, default)
Hibernate: 
    select
        cr1_0.id,
        cr1_0.active,
        cr1_0.created_at,
        cr1_0.created_by_id,
        cr1_0.description,
        cr1_0.name,
        cr1_0.room_type,
        cr1_0.updated_at 
    from
        chat_rooms cr1_0 
    where
        cr1_0.id=? 
        and cr1_0.active
Hibernate: 
    select
        u1_0.id,
        u1_0.created_at,
        u1_0.email,
        u1_0.last_seen,
        u1_0.status,
        u1_0.updated_at,
        u1_0.username 
    from
        users u1_0 
    where
        u1_0.id=?
Hibernate: 
    select
        rm1_0.id,
        rm1_0.active,
        rm1_0.joined_at,
        rm1_0.role,
        rm1_0.room_id,
        rm1_0.user_id 
    from
        room_members rm1_0 
    left join
        chat_rooms r1_0 
            on r1_0.id=rm1_0.room_id 
    left join
        users u1_0 
            on u1_0.id=rm1_0.user_id 
    where
        r1_0.id=? 
        and u1_0.id=?
Hibernate: 
    insert 
    into
        room_members
        (active, joined_at, role, room_id, user_id, id) 
    values
        (?, ?, ?, ?, ?, default)
2026-09-03T12:58:15.180+05:30  INFO 21936 --- [realtime-chat-backend-test] [           main] c.e.chatapp.service.PresenceService      : User 2 connected session session-tab-1. Total active sessions: 1
Hibernate: 
    select
        u1_0.id,
        u1_0.created_at,
        u1_0.email,
        u1_0.last_seen,
        u1_0.status,
        u1_0.updated_at,
        u1_0.username 
    from
        users u1_0 
    where
        u1_0.id=?
2026-09-03T12:58:15.183+05:30  INFO 21936 --- [realtime-chat-backend-test] [           main] c.e.chatapp.service.PresenceService      : Broadcasted USER_ONLINE for user 2 (rahul)
Hibernate: 
    update
        users 
    set
        email=?,
        last_seen=?,
        status=?,
        updated_at=?,
        username=? 
    where
        id=?
2026-09-03T12:58:15.194+05:30  INFO 21936 --- [realtime-chat-backend-test] [           main] c.e.chatapp.service.PresenceService      : User 2 connected session session-tab-2. Total active sessions: 2
2026-09-03T12:58:15.196+05:30  INFO 21936 --- [realtime-chat-backend-test] [           main] c.e.chatapp.service.PresenceService      : Removed session session-tab-1 for user 2. Remaining active sessions: 1
Hibernate: 
    select
        cr1_0.id,
        cr1_0.active,
        cr1_0.created_at,
        cr1_0.created_by_id,
        cr1_0.description,
        cr1_0.name,
        cr1_0.room_type,
        cr1_0.updated_at 
    from
        chat_rooms cr1_0 
    where
        cr1_0.id=? 
        and cr1_0.active
Hibernate: 
    select
        u1_0.id,
        u1_0.created_at,
        u1_0.email,
        u1_0.last_seen,
        u1_0.status,
        u1_0.updated_at,
        u1_0.username 
    from
        users u1_0 
    where
        u1_0.id=?
Hibernate: 
    select
        rm1_0.id 
    from
        room_members rm1_0 
    left join
        chat_rooms r1_0 
            on r1_0.id=rm1_0.room_id 
    left join
        users u1_0 
            on u1_0.id=rm1_0.user_id 
    where
        r1_0.id=? 
        and u1_0.id=? 
        and rm1_0.active 
    fetch
        first ? rows only
Hibernate: 
    insert 
    into
        chat_messages
        (content, created_at, deleted, edited, priority, room_id, sender_id, updated_at, id) 
    values
        (?, ?, ?, ?, ?, ?, ?, ?, default)
Hibernate: 
    select
        cr1_0.id,
        cr1_0.active,
        cr1_0.created_at,
        cr1_0.created_by_id,
        cr1_0.description,
        cr1_0.name,
        cr1_0.room_type,
        cr1_0.updated_at 
    from
        chat_rooms cr1_0 
    where
        cr1_0.id=? 
        and cr1_0.active
Hibernate: 
    select
        u1_0.id,
        u1_0.created_at,
        u1_0.email,
        u1_0.last_seen,
        u1_0.status,
        u1_0.updated_at,
        u1_0.username 
    from
        users u1_0 
    where
        u1_0.id=?
Hibernate: 
    select
        rm1_0.id 
    from
        room_members rm1_0 
    left join
        chat_rooms r1_0 
            on r1_0.id=rm1_0.room_id 
    left join
        users u1_0 
            on u1_0.id=rm1_0.user_id 
    where
        r1_0.id=? 
        and u1_0.id=? 
        and rm1_0.active 
    fetch
        first ? rows only
Hibernate: 
    insert 
    into
        chat_messages
        (content, created_at, deleted, edited, priority, room_id, sender_id, updated_at, id) 
    values
        (?, ?, ?, ?, ?, ?, ?, ?, default)
Hibernate: 
    select
        cr1_0.id,
        cr1_0.active,
        cr1_0.created_at,
        cr1_0.created_by_id,
        cr1_0.description,
        cr1_0.name,
        cr1_0.room_type,
        cr1_0.updated_at 
    from
        chat_rooms cr1_0 
    where
        cr1_0.id=? 
        and cr1_0.active
Hibernate: 
    select
        cm1_0.id,
        cm1_0.content,
        cm1_0.created_at,
        cm1_0.deleted,
        cm1_0.edited,
        cm1_0.priority,
        cm1_0.room_id,
        cm1_0.sender_id,
        cm1_0.updated_at 
    from
        chat_messages cm1_0 
    left join
        chat_rooms r1_0 
            on r1_0.id=cm1_0.room_id 
    where
        r1_0.id=? 
    order by
        cm1_0.created_at desc 
    fetch
        first ? rows only
Hibernate: 
    select
        u1_0.id,
        u1_0.created_at,
        u1_0.email,
        u1_0.last_seen,
        u1_0.status,
        u1_0.updated_at,
        u1_0.username 
    from
        users u1_0 
    where
        u1_0.id=?
Hibernate: 
    select
        u1_0.id,
        u1_0.created_at,
        u1_0.email,
        u1_0.last_seen,
        u1_0.status,
        u1_0.updated_at,
        u1_0.username 
    from
        users u1_0 
    where
        u1_0.id=?
Hibernate: 
    select
        cm1_0.id,
        cm1_0.content,
        cm1_0.created_at,
        cm1_0.deleted,
        cm1_0.edited,
        cm1_0.priority,
        cm1_0.room_id,
        cm1_0.sender_id,
        cm1_0.updated_at 
    from
        chat_messages cm1_0 
    where
        cm1_0.id=?
Hibernate: 
    select
        u1_0.id,
        u1_0.created_at,
        u1_0.email,
        u1_0.last_seen,
        u1_0.status,
        u1_0.updated_at,
        u1_0.username 
    from
        users u1_0 
    where
        u1_0.id=?
Hibernate: 
    update
        chat_messages 
    set
        content=?,
        deleted=?,
        edited=?,
        priority=?,
        room_id=?,
        sender_id=?,
        updated_at=? 
    where
        id=?
Hibernate: 
    select
        cm1_0.id,
        cm1_0.content,
        cm1_0.created_at,
        cm1_0.deleted,
        cm1_0.edited,
        cm1_0.priority,
        cm1_0.room_id,
        cm1_0.sender_id,
        cm1_0.updated_at 
    from
        chat_messages cm1_0 
    where
        cm1_0.id=?
Hibernate: 
    select
        u1_0.id,
        u1_0.created_at,
        u1_0.email,
        u1_0.last_seen,
        u1_0.status,
        u1_0.updated_at,
        u1_0.username 
    from
        users u1_0 
    where
        u1_0.id=?
Hibernate: 
    select
        cr1_0.id,
        cr1_0.active,
        cr1_0.created_at,
        cr1_0.created_by_id,
        cr1_0.description,
        cr1_0.name,
        cr1_0.room_type,
        cr1_0.updated_at 
    from
        chat_rooms cr1_0 
    where
        cr1_0.id=?
Hibernate: 
    select
        rm1_0.id,
        rm1_0.active,
        rm1_0.joined_at,
        rm1_0.role,
        rm1_0.room_id,
        rm1_0.user_id 
    from
        room_members rm1_0 
    left join
        chat_rooms r1_0 
            on r1_0.id=rm1_0.room_id 
    left join
        users u1_0 
            on u1_0.id=rm1_0.user_id 
    where
        r1_0.id=? 
        and u1_0.id=? 
        and rm1_0.active
Hibernate: 
    update
        chat_messages 
    set
        content=?,
        deleted=?,
        edited=?,
        priority=?,
        room_id=?,
        sender_id=?,
        updated_at=? 
    where
        id=?
Hibernate: 
    select
        cm1_0.id,
        cm1_0.content,
        cm1_0.created_at,
        cm1_0.deleted,
        cm1_0.edited,
        cm1_0.priority,
        cm1_0.room_id,
        cm1_0.sender_id,
        cm1_0.updated_at 
    from
        chat_messages cm1_0 
    where
        cm1_0.id=?
Hibernate: 
    select
        u1_0.id,
        u1_0.created_at,
        u1_0.email,
        u1_0.last_seen,
        u1_0.status,
        u1_0.updated_at,
        u1_0.username 
    from
        users u1_0 
    where
        u1_0.id=?
2026-09-03T12:58:15.252+05:30  INFO 21936 --- [realtime-chat-backend-test] [           main] c.e.chatapp.service.PresenceService      : Removed session session-tab-2 for user 2. Remaining active sessions: 0
Hibernate: 
    select
        u1_0.id,
        u1_0.created_at,
        u1_0.email,
        u1_0.last_seen,
        u1_0.status,
        u1_0.updated_at,
        u1_0.username 
    from
        users u1_0 
    where
        u1_0.id=?
2026-09-03T12:58:15.253+05:30  INFO 21936 --- [realtime-chat-backend-test] [           main] c.e.chatapp.service.PresenceService      : Broadcasted USER_OFFLINE for user 2 (rahul)
Hibernate: 
    update
        users 
    set
        email=?,
        last_seen=?,
        status=?,
        updated_at=?,
        username=? 
    where
        id=?
2026-09-03T12:58:15.260+05:30  INFO 21936 --- [realtime-chat-backend-test] [           main] o.s.m.s.b.SimpleBrokerMessageHandler     : Stopping...
2026-09-03T12:58:15.260+05:30  INFO 21936 --- [realtime-chat-backend-test] [           main] o.s.m.s.b.SimpleBrokerMessageHandler     : BrokerAvailabilityEvent[available=false, SimpleBrokerMessageHandler [org.springframework.messaging.simp.broker.DefaultSubscriptionRegistry@78751d07]]
2026-09-03T12:58:15.261+05:30  INFO 21936 --- [realtime-chat-backend-test] [           main] o.s.m.s.b.SimpleBrokerMessageHandler     : Stopped.
2026-09-03T12:58:15.265+05:30  INFO 21936 --- [realtime-chat-backend-test] [           main] j.LocalContainerEntityManagerFactoryBean : Closing JPA EntityManagerFactory for persistence unit 'default'
Hibernate: 
    drop table if exists chat_messages cascade 
Hibernate: 
    drop table if exists chat_rooms cascade 
Hibernate: 
    drop table if exists room_members cascade 
Hibernate: 
    drop table if exists users cascade 
2026-09-03T12:58:15.274+05:30  INFO 21936 --- [realtime-chat-backend-test] [           main] com.zaxxer.hikari.HikariDataSource       : HikariPool-1 - Shutdown initiated...
2026-09-03T12:58:15.275+05:30  INFO 21936 --- [realtime-chat-backend-test] [           main] com.zaxxer.hikari.HikariDataSource       : HikariPool-1 - Shutdown completed.
]]></system-out>
  </testcase>
  <testcase name="testCacheBehavior" classname="com.example.chatapp.integration.ChatIntegrationTest" time="0.068">
    <system-out><![CDATA[2026-09-03T12:58:15.280+05:30  INFO 21936 --- [realtime-chat-backend-test] [           main] o.s.b.d.r.RestartApplicationListener     : Restart disabled due to context in which it is running

  .   ____          _            __ _ _
 /\\ / ___'_ __ _ _(_)_ __  __ _ \ \ \ \
( ( )\___ | '_ | '_| | '_ \/ _` | \ \ \ \
 \\/  ___)| |_)| | | | | || (_| |  ) ) ) )
  '  |____| .__|_| |_|_| |_\__, | / / / /
 =========|_|==============|___/=/_/_/_/

 :: Spring Boot ::                (v3.4.3)

2026-09-03T12:58:15.301+05:30  INFO 21936 --- [realtime-chat-backend-test] [           main] c.e.c.integration.ChatIntegrationTest    : Starting ChatIntegrationTest using Java 25.0.2 with PID 21936 (started by Lenovo in C:\Desktop\WS)
2026-09-03T12:58:15.301+05:30  INFO 21936 --- [realtime-chat-backend-test] [           main] c.e.c.integration.ChatIntegrationTest    : No active profile set, falling back to 1 default profile: "default"
2026-09-03T12:58:15.591+05:30  INFO 21936 --- [realtime-chat-backend-test] [           main] .s.d.r.c.RepositoryConfigurationDelegate : Bootstrapping Spring Data JPA repositories in DEFAULT mode.
2026-09-03T12:58:15.606+05:30  INFO 21936 --- [realtime-chat-backend-test] [           main] .s.d.r.c.RepositoryConfigurationDelegate : Finished Spring Data repository scanning in 14 ms. Found 4 JPA repository interfaces.
2026-09-03T12:58:15.722+05:30  INFO 21936 --- [realtime-chat-backend-test] [           main] o.hibernate.jpa.internal.util.LogHelper  : HHH000204: Processing PersistenceUnitInfo [name: default]
2026-09-03T12:58:15.724+05:30  INFO 21936 --- [realtime-chat-backend-test] [           main] o.h.c.internal.RegionFactoryInitiator    : HHH000026: Second-level cache disabled
2026-09-03T12:58:15.733+05:30  INFO 21936 --- [realtime-chat-backend-test] [           main] o.s.o.j.p.SpringPersistenceUnitInfo      : No LoadTimeWeaver setup: ignoring JPA class transformer
2026-09-03T12:58:15.734+05:30  INFO 21936 --- [realtime-chat-backend-test] [           main] com.zaxxer.hikari.HikariDataSource       : HikariPool-2 - Starting...
2026-09-03T12:58:15.736+05:30  INFO 21936 --- [realtime-chat-backend-test] [           main] com.zaxxer.hikari.pool.HikariPool        : HikariPool-2 - Added connection conn10: url=jdbc:h2:mem:testdb user=SA
2026-09-03T12:58:15.736+05:30  INFO 21936 --- [realtime-chat-backend-test] [           main] com.zaxxer.hikari.HikariDataSource       : HikariPool-2 - Start completed.
2026-09-03T12:58:15.737+05:30  WARN 21936 --- [realtime-chat-backend-test] [           main] org.hibernate.orm.deprecation            : HHH90000025: H2Dialect does not need to be specified explicitly using 'hibernate.dialect' (remove the property setting and it will be selected by default)
2026-09-03T12:58:15.737+05:30  INFO 21936 --- [realtime-chat-backend-test] [           main] org.hibernate.orm.connections.pooling    : HHH10001005: Database info:
	Database JDBC URL [Connecting through datasource 'HikariDataSource (HikariPool-2)']
	Database driver: undefined/unknown
	Database version: 2.3.232
	Autocommit mode: undefined/unknown
	Isolation level: undefined/unknown
	Minimum pool size: undefined/unknown
	Maximum pool size: undefined/unknown
2026-09-03T12:58:15.818+05:30  INFO 21936 --- [realtime-chat-backend-test] [           main] o.h.e.t.j.p.i.JtaPlatformInitiator       : HHH000489: No JTA platform available (set 'hibernate.transaction.jta.platform' to enable JTA platform integration)
Hibernate: 
    drop table if exists chat_messages cascade 
Hibernate: 
    drop table if exists chat_rooms cascade 
Hibernate: 
    drop table if exists room_members cascade 
Hibernate: 
    drop table if exists users cascade 
Hibernate: 
    create table chat_messages (
        deleted boolean not null,
        edited boolean not null,
        created_at timestamp(6) not null,
        id bigint generated by default as identity,
        room_id bigint not null,
        sender_id bigint not null,
        updated_at timestamp(6),
        content varchar(4000) not null,
        priority enum ('IMPORTANT','NORMAL','URGENT') not null,
        primary key (id)
    )
Hibernate: 
    create table chat_rooms (
        active boolean not null,
        created_at timestamp(6) not null,
        created_by_id bigint not null,
        id bigint generated by default as identity,
        updated_at timestamp(6),
        name varchar(100) not null,
        description varchar(1000),
        room_type enum ('CUSTOM','EVENT','GENERAL','HACKATHON','PROJECT','STUDY','TEAM') not null,
        primary key (id)
    )
Hibernate: 
    create table room_members (
        active boolean not null,
        id bigint generated by default as identity,
        joined_at timestamp(6) not null,
        room_id bigint not null,
        user_id bigint not null,
        role enum ('MEMBER','OWNER') not null,
        primary key (id),
        constraint uk_room_user unique (room_id, user_id)
    )
Hibernate: 
    create table users (
        created_at timestamp(6) not null,
        id bigint generated by default as identity,
        last_seen timestamp(6),
        updated_at timestamp(6),
        username varchar(50) not null unique,
        email varchar(100) not null unique,
        status enum ('OFFLINE','ONLINE') not null,
        primary key (id)
    )
Hibernate: 
    create index idx_chat_msg_room_id 
       on chat_messages (room_id)
Hibernate: 
    create index idx_chat_msg_sender_id 
       on chat_messages (sender_id)
Hibernate: 
    create index idx_chat_msg_created_at 
       on chat_messages (created_at)
Hibernate: 
    create index idx_chat_msg_priority 
       on chat_messages (priority)
Hibernate: 
    create index idx_chat_msg_deleted 
       on chat_messages (deleted)
Hibernate: 
    create index idx_chatroom_name 
       on chat_rooms (name)
Hibernate: 
    create index idx_chatroom_active 
       on chat_rooms (active)
Hibernate: 
    create index idx_chatroom_type 
       on chat_rooms (room_type)
Hibernate: 
    create index idx_room_member_room_id 
       on room_members (room_id)
Hibernate: 
    create index idx_room_member_user_id 
       on room_members (user_id)
Hibernate: 
    create index idx_room_member_active 
       on room_members (active)
Hibernate: 
    create index idx_user_username 
       on users (username)
Hibernate: 
    create index idx_user_email 
       on users (email)
Hibernate: 
    alter table if exists chat_messages 
       add constraint FKhalwepod3944695ji0suwoqb9 
       foreign key (room_id) 
       references chat_rooms
Hibernate: 
    alter table if exists chat_messages 
       add constraint FKgiqeap8ays4lf684x7m0r2729 
       foreign key (sender_id) 
       references users
Hibernate: 
    alter table if exists chat_rooms 
       add constraint FK5aa44vi2hoo7ifqej0p8xa44g 
       foreign key (created_by_id) 
       references users
Hibernate: 
    alter table if exists room_members 
       add constraint FKy8xflbqhdc45qrm39ugks24t 
       foreign key (room_id) 
       references chat_rooms
Hibernate: 
    alter table if exists room_members 
       add constraint FKmcymqhedxe30d98p07eeqo3my 
       foreign key (user_id) 
       references users
2026-09-03T12:58:15.835+05:30  INFO 21936 --- [realtime-chat-backend-test] [           main] j.LocalContainerEntityManagerFactoryBean : Initialized JPA EntityManagerFactory for persistence unit 'default'
2026-09-03T12:58:16.126+05:30  WARN 21936 --- [realtime-chat-backend-test] [           main] JpaBaseConfiguration$JpaWebConfiguration : spring.jpa.open-in-view is enabled by default. Therefore, database queries may be performed during view rendering. Explicitly configure spring.jpa.open-in-view to disable this warning
2026-09-03T12:58:16.250+05:30  INFO 21936 --- [realtime-chat-backend-test] [           main] o.s.b.a.w.s.WelcomePageHandlerMapping    : Adding welcome page template: index
2026-09-03T12:58:16.554+05:30  INFO 21936 --- [realtime-chat-backend-test] [           main] o.s.b.a.e.web.EndpointLinksResolver      : Exposing 2 endpoints beneath base path '/actuator'
2026-09-03T12:58:16.571+05:30  INFO 21936 --- [realtime-chat-backend-test] [           main] o.s.m.s.b.SimpleBrokerMessageHandler     : Starting...
2026-09-03T12:58:16.571+05:30  INFO 21936 --- [realtime-chat-backend-test] [           main] o.s.m.s.b.SimpleBrokerMessageHandler     : BrokerAvailabilityEvent[available=true, SimpleBrokerMessageHandler [org.springframework.messaging.simp.broker.DefaultSubscriptionRegistry@43bd267a]]
2026-09-03T12:58:16.571+05:30  INFO 21936 --- [realtime-chat-backend-test] [           main] o.s.m.s.b.SimpleBrokerMessageHandler     : Started.
2026-09-03T12:58:16.575+05:30  INFO 21936 --- [realtime-chat-backend-test] [           main] c.e.c.integration.ChatIntegrationTest    : Started ChatIntegrationTest in 1.294 seconds (process running for 11.863)
Hibernate: 
    select
        u1_0.id 
    from
        users u1_0 
    where
        u1_0.username=? 
    fetch
        first ? rows only
Hibernate: 
    select
        u1_0.id 
    from
        users u1_0 
    where
        u1_0.email=? 
    fetch
        first ? rows only
Hibernate: 
    insert 
    into
        users
        (created_at, email, last_seen, status, updated_at, username, id) 
    values
        (?, ?, ?, ?, ?, ?, default)
Hibernate: 
    select
        u1_0.id,
        u1_0.created_at,
        u1_0.email,
        u1_0.last_seen,
        u1_0.status,
        u1_0.updated_at,
        u1_0.username 
    from
        users u1_0 
    where
        u1_0.id=?
Hibernate: 
    insert 
    into
        chat_rooms
        (active, created_at, created_by_id, description, name, room_type, updated_at, id) 
    values
        (?, ?, ?, ?, ?, ?, ?, default)
Hibernate: 
    insert 
    into
        room_members
        (active, joined_at, role, room_id, user_id, id) 
    values
        (?, ?, ?, ?, ?, default)
Hibernate: 
    select
        cr1_0.id,
        cr1_0.active,
        cr1_0.created_at,
        cr1_0.created_by_id,
        cr1_0.description,
        cr1_0.name,
        cr1_0.room_type,
        cr1_0.updated_at 
    from
        chat_rooms cr1_0 
    where
        cr1_0.id=? 
        and cr1_0.active
Hibernate: 
    select
        count(rm1_0.id) 
    from
        room_members rm1_0 
    left join
        chat_rooms r1_0 
            on r1_0.id=rm1_0.room_id 
    where
        r1_0.id=? 
        and rm1_0.active
Hibernate: 
    select
        u1_0.id,
        u1_0.created_at,
        u1_0.email,
        u1_0.last_seen,
        u1_0.status,
        u1_0.updated_at,
        u1_0.username 
    from
        users u1_0 
    where
        u1_0.id=?
Hibernate: 
    select
        cr1_0.id,
        cr1_0.active,
        cr1_0.created_at,
        cr1_0.created_by_id,
        cr1_0.description,
        cr1_0.name,
        cr1_0.room_type,
        cr1_0.updated_at 
    from
        chat_rooms cr1_0 
    where
        cr1_0.active=true 
        and (
            ? is null 
            or cr1_0.room_type=?
        ) 
        and (
            ? is null 
            or lower(cr1_0.name) like lower(('%'||?||'%')) escape '' 
            or lower(cr1_0.description) like lower(('%'||?||'%')) escape ''
        )
Hibernate: 
    select
        count(rm1_0.id) 
    from
        room_members rm1_0 
    left join
        chat_rooms r1_0 
            on r1_0.id=rm1_0.room_id 
    where
        r1_0.id=? 
        and rm1_0.active
Hibernate: 
    select
        u1_0.id,
        u1_0.created_at,
        u1_0.email,
        u1_0.last_seen,
        u1_0.status,
        u1_0.updated_at,
        u1_0.username 
    from
        users u1_0 
    where
        u1_0.id=?
Hibernate: 
    select
        cr1_0.id,
        cr1_0.active,
        cr1_0.created_at,
        cr1_0.created_by_id,
        cr1_0.description,
        cr1_0.name,
        cr1_0.room_type,
        cr1_0.updated_at 
    from
        chat_rooms cr1_0 
    where
        cr1_0.id=? 
        and cr1_0.active
Hibernate: 
    select
        u1_0.id,
        u1_0.created_at,
        u1_0.email,
        u1_0.last_seen,
        u1_0.status,
        u1_0.updated_at,
        u1_0.username 
    from
        users u1_0 
    where
        u1_0.id=?
Hibernate: 
    update
        chat_rooms 
    set
        active=?,
        created_by_id=?,
        description=?,
        name=?,
        room_type=?,
        updated_at=? 
    where
        id=?
2026-09-03T12:58:16.640+05:30  INFO 21936 --- [realtime-chat-backend-test] [           main] o.s.m.s.b.SimpleBrokerMessageHandler     : Stopping...
2026-09-03T12:58:16.640+05:30  INFO 21936 --- [realtime-chat-backend-test] [           main] o.s.m.s.b.SimpleBrokerMessageHandler     : BrokerAvailabilityEvent[available=false, SimpleBrokerMessageHandler [org.springframework.messaging.simp.broker.DefaultSubscriptionRegistry@43bd267a]]
2026-09-03T12:58:16.640+05:30  INFO 21936 --- [realtime-chat-backend-test] [           main] o.s.m.s.b.SimpleBrokerMessageHandler     : Stopped.
2026-09-03T12:58:16.642+05:30  INFO 21936 --- [realtime-chat-backend-test] [           main] j.LocalContainerEntityManagerFactoryBean : Closing JPA EntityManagerFactory for persistence unit 'default'
Hibernate: 
    drop table if exists chat_messages cascade 
Hibernate: 
    drop table if exists chat_rooms cascade 
Hibernate: 
    drop table if exists room_members cascade 
Hibernate: 
    drop table if exists users cascade 
2026-09-03T12:58:16.645+05:30  INFO 21936 --- [realtime-chat-backend-test] [           main] com.zaxxer.hikari.HikariDataSource       : HikariPool-2 - Shutdown initiated...
2026-09-03T12:58:16.646+05:30  INFO 21936 --- [realtime-chat-backend-test] [           main] com.zaxxer.hikari.HikariDataSource       : HikariPool-2 - Shutdown completed.
]]></system-out>
  </testcase>
</testsuite>